C:\USERS\ALICE\DOCUMENTS\UPENN\CIS_660\HW2\MAYAPLUGINHW2\.DEBUG\CYLINDER.OBJ
C:\USERS\ALICE\DOCUMENTS\UPENN\CIS_660\HW2\MAYAPLUGINHW2\.DEBUG\LSYSTEM.OBJ
C:\USERS\ALICE\DOCUMENTS\UPENN\CIS_660\HW2\MAYAPLUGINHW2\.DEBUG\LSYSTEMCMD.OBJ
C:\USERS\ALICE\DOCUMENTS\UPENN\CIS_660\HW2\MAYAPLUGINHW2\.DEBUG\LSYSTEMNODE.OBJ
C:\USERS\ALICE\DOCUMENTS\UPENN\CIS_660\HW2\MAYAPLUGINHW2\.DEBUG\PLUGINMAIN.OBJ
C:\USERS\ALICE\DOCUMENTS\UPENN\CIS_660\HW2\MAYAPLUGINHW2\.DEBUG\VEC.OBJ
C:\Users\Alice\Documents\UPenn\CIS_660\HW2\MayaPluginHw2\Debug\MyPlugin.exp
C:\Users\Alice\Documents\UPenn\CIS_660\HW2\MayaPluginHw2\Debug\MyPlugin.lib
C:\USERS\ALICE\DOCUMENTS\UPENN\CIS_660\HW2\MAYAPLUGINHW2\DEBUG\MYPLUGIN.PDB
C:\USERS\ALICE\DOCUMENTS\UPENN\CIS_660\HW2\MAYAPLUGINHW2\LSYSTEMD.ILK
C:\USERS\ALICE\DOCUMENTS\UPENN\CIS_660\HW2\MAYAPLUGINHW2\LSYSTEMD.MLL
C:\Users\Alice\Documents\UPenn\CIS_660\HW2\MayaPluginHw2\x64\Debug\cl.command.1.tlog
C:\Users\Alice\Documents\UPenn\CIS_660\HW2\MayaPluginHw2\x64\Debug\CL.read.1.tlog
C:\Users\Alice\Documents\UPenn\CIS_660\HW2\MayaPluginHw2\x64\Debug\CL.write.1.tlog
C:\Users\Alice\Documents\UPenn\CIS_660\HW2\MayaPluginHw2\x64\Debug\link.20316.read.1.tlog
C:\Users\Alice\Documents\UPenn\CIS_660\HW2\MayaPluginHw2\x64\Debug\link.20316.write.1.tlog
C:\Users\Alice\Documents\UPenn\CIS_660\HW2\MayaPluginHw2\x64\Debug\link.20316-cvtres.read.1.tlog
C:\Users\Alice\Documents\UPenn\CIS_660\HW2\MayaPluginHw2\x64\Debug\link.20316-cvtres.write.1.tlog
C:\Users\Alice\Documents\UPenn\CIS_660\HW2\MayaPluginHw2\x64\Debug\link.command.1.tlog
C:\Users\Alice\Documents\UPenn\CIS_660\HW2\MayaPluginHw2\x64\Debug\link.read.1.tlog
C:\Users\Alice\Documents\UPenn\CIS_660\HW2\MayaPluginHw2\x64\Debug\link.write.1.tlog
C:\Users\Alice\Documents\UPenn\CIS_660\HW2\MayaPluginHw2\x64\Debug\link-cvtres.read.1.tlog
C:\Users\Alice\Documents\UPenn\CIS_660\HW2\MayaPluginHw2\x64\Debug\link-cvtres.write.1.tlog
C:\USERS\ALICE\DOCUMENTS\UPENN\CIS_660\HW2\MAYAPLUGINHW2\X64\DEBUG\LSYSTEMMAYA.DLL.EMBED.MANIFEST
C:\USERS\ALICE\DOCUMENTS\UPENN\CIS_660\HW2\MAYAPLUGINHW2\X64\DEBUG\LSYSTEMMAYA.DLL.EMBED.MANIFEST.RES
C:\USERS\ALICE\DOCUMENTS\UPENN\CIS_660\HW2\MAYAPLUGINHW2\X64\DEBUG\LSYSTEMMAYA.DLL.INTERMEDIATE.MANIFEST
C:\Users\Alice\Documents\UPenn\CIS_660\HW2\MayaPluginHw2\x64\Debug\LSystemMaya.write.1.tlog
C:\Users\Alice\Documents\UPenn\CIS_660\HW2\MayaPluginHw2\x64\Debug\LSystemMaya_manifest.rc
C:\Users\Alice\Documents\UPenn\CIS_660\HW2\MayaPluginHw2\x64\Debug\mt.command.1.tlog
C:\Users\Alice\Documents\UPenn\CIS_660\HW2\MayaPluginHw2\x64\Debug\mt.read.1.tlog
C:\Users\Alice\Documents\UPenn\CIS_660\HW2\MayaPluginHw2\x64\Debug\mt.write.1.tlog
C:\Users\Alice\Documents\UPenn\CIS_660\HW2\MayaPluginHw2\x64\Debug\rc.command.1.tlog
C:\Users\Alice\Documents\UPenn\CIS_660\HW2\MayaPluginHw2\x64\Debug\rc.read.1.tlog
C:\Users\Alice\Documents\UPenn\CIS_660\HW2\MayaPluginHw2\x64\Debug\rc.write.1.tlog
