Build started 2/4/2014 11:12:43 PM.
     1>Project "C:\Users\Alice\Documents\UPenn\CIS_660\HW2\MayaPluginHw2\MyPlugin.vcxproj" on node 2 (rebuild target(s)).
     1>_PrepareForClean:
         Deleting file "x64\Debug\LSystemMaya.lastbuildstate".
       InitializeBuildStatus:
         Creating "x64\Debug\LSystemMaya.unsuccessfulbuild" because "AlwaysCreate" was specified.
       ClCompile:
         c:\Program Files (x86)\Microsoft Visual Studio 10.0\VC\bin\x86_amd64\CL.exe /c /I. /I"C:\Program Files\Autodesk\Maya2012\include" /Zi /nologo /W3 /WX- /Od /D _DEBUG /D WIN32 /D _WINDOWS /D NT_PLUGIN /D REQUIRE_IOSTREAM /D _VC80_UPGRADE=0x0710 /D _WINDLL /Gm- /EHa /MDd /GS /fp:precise /Zc:wchar_t /Zc:forScope /Fo".Debug/" /Fd".\Debug/MyPlugin.pdb" /Gd /TP /wd4244 /wd4305 /wd4018 /errorReport:prompt cylinder.cpp LSystem.cpp LSystemCmd.cpp LSystemNode.cpp PluginMain.cpp vec.cpp /GR /GS /EHac 
         cylinder.cpp
         LSystem.cpp
     1>LSystem.cpp(52): warning C4267: 'initializing' : conversion from 'size_t' to 'unsigned int', possible loss of data
         LSystemCmd.cpp
         LSystemNode.cpp
         PluginMain.cpp
         vec.cpp
         Generating Code...
     1>c:\users\alice\documents\upenn\cis_660\hw2\mayapluginhw2\pluginmain.cpp(63): warning C4715: 'uninitializePlugin' : not all control paths return a value
       ManifestResourceCompile:
         C:\Program Files (x86)\Microsoft SDKs\Windows\v7.0A\bin\rc.exe /nologo /fo"x64\Debug\LSystemMaya.dll.embed.manifest.res" x64\Debug\LSystemMaya_manifest.rc 
     1>C:\Program Files (x86)\MSBuild\Microsoft.Cpp\v4.0\Microsoft.CppBuild.targets(990,5): warning MSB8012: TargetPath(C:\Users\Alice\Documents\UPenn\CIS_660\HW2\MayaPluginHw2\x64\Debug\LSystemMaya.dll) does not match the Linker's OutputFile property value (C:\Users\Alice\Documents\UPenn\CIS_660\HW2\MayaPluginHw2\LSystemd.mll). This may cause your project to build incorrectly. To correct this, please make sure that $(OutDir), $(TargetName) and $(TargetExt) property values match the value specified in %(Link.OutputFile).
     1>C:\Program Files (x86)\MSBuild\Microsoft.Cpp\v4.0\Microsoft.CppBuild.targets(991,5): warning MSB8012: TargetExt(.dll) does not match the Linker's OutputFile property value (.mll). This may cause your project to build incorrectly. To correct this, please make sure that $(OutDir), $(TargetName) and $(TargetExt) property values match the value specified in %(Link.OutputFile).
     1>C:\Program Files (x86)\MSBuild\Microsoft.Cpp\v4.0\Microsoft.CppBuild.targets(992,5): warning MSB8012: TargetName(LSystemMaya) does not match the Linker's OutputFile property value (LSystemd). This may cause your project to build incorrectly. To correct this, please make sure that $(OutDir), $(TargetName) and $(TargetExt) property values match the value specified in %(Link.OutputFile).
       Link:
         c:\Program Files (x86)\Microsoft Visual Studio 10.0\VC\bin\x86_amd64\link.exe /ERRORREPORT:PROMPT /OUT:".\LSystemd.mll" /INCREMENTAL /NOLOGO /LIBPATH:"C:\Program Files\Autodesk\Maya2012\lib" odbc32.lib odbccp32.lib OpenMaya.lib OpenMayaRender.lib Foundation.lib kernel32.lib user32.lib gdi32.lib winspool.lib comdlg32.lib advapi32.lib shell32.lib ole32.lib oleaut32.lib uuid.lib odbc32.lib odbccp32.lib /MANIFEST /ManifestFile:"x64\Debug\LSystemMaya.dll.intermediate.manifest" /MANIFESTUAC:"level='asInvoker' uiAccess='false'" /DEBUG /PDB:".\Debug/MyPlugin.pdb" /SUBSYSTEM:WINDOWS /TLBID:1 /DYNAMICBASE /NXCOMPAT /IMPLIB:".\Debug/MyPlugin.lib" /MACHINE:X64 /DLL x64\Debug\LSystemMaya.dll.embed.manifest.res
         .Debug/cylinder.obj
         .Debug/LSystem.obj
         .Debug/LSystemCmd.obj
         .Debug/LSystemNode.obj
         .Debug/PluginMain.obj
         .Debug/vec.obj /export:initializePlugin /export:uninitializePlugin  
            Creating library .\Debug/MyPlugin.lib and object .\Debug/MyPlugin.exp
         MyPlugin.vcxproj -> C:\Users\Alice\Documents\UPenn\CIS_660\HW2\MayaPluginHw2\x64\Debug\LSystemMaya.dll
       Manifest:
         Deleting file "x64\Debug\LSystemMaya.dll.embed.manifest".
         C:\Program Files (x86)\Microsoft SDKs\Windows\v7.0A\bin\mt.exe /nologo /verbose /out:"x64\Debug\LSystemMaya.dll.embed.manifest" /manifest x64\Debug\LSystemMaya.dll.intermediate.manifest
         C:\Program Files (x86)\Microsoft SDKs\Windows\v7.0A\bin\rc.exe /nologo /fo"x64\Debug\LSystemMaya.dll.embed.manifest.res" x64\Debug\LSystemMaya_manifest.rc 
       LinkEmbedManifest:
         c:\Program Files (x86)\Microsoft Visual Studio 10.0\VC\bin\x86_amd64\link.exe /ERRORREPORT:PROMPT /OUT:".\LSystemd.mll" /INCREMENTAL /NOLOGO /LIBPATH:"C:\Program Files\Autodesk\Maya2012\lib" odbc32.lib odbccp32.lib OpenMaya.lib OpenMayaRender.lib Foundation.lib kernel32.lib user32.lib gdi32.lib winspool.lib comdlg32.lib advapi32.lib shell32.lib ole32.lib oleaut32.lib uuid.lib odbc32.lib odbccp32.lib /MANIFEST /ManifestFile:"x64\Debug\LSystemMaya.dll.intermediate.manifest" /MANIFESTUAC:"level='asInvoker' uiAccess='false'" /DEBUG /PDB:".\Debug/MyPlugin.pdb" /SUBSYSTEM:WINDOWS /TLBID:1 /DYNAMICBASE /NXCOMPAT /IMPLIB:".\Debug/MyPlugin.lib" /MACHINE:X64 /DLL x64\Debug\LSystemMaya.dll.embed.manifest.res
         .Debug/cylinder.obj
         .Debug/LSystem.obj
         .Debug/LSystemCmd.obj
         .Debug/LSystemNode.obj
         .Debug/PluginMain.obj
         .Debug/vec.obj /export:initializePlugin /export:uninitializePlugin  
            Creating library .\Debug/MyPlugin.lib and object .\Debug/MyPlugin.exp
         MyPlugin.vcxproj -> C:\Users\Alice\Documents\UPenn\CIS_660\HW2\MayaPluginHw2\x64\Debug\LSystemMaya.dll
       FinalizeBuildStatus:
         Deleting file "x64\Debug\LSystemMaya.unsuccessfulbuild".
         Touching "x64\Debug\LSystemMaya.lastbuildstate".
     1>Done Building Project "C:\Users\Alice\Documents\UPenn\CIS_660\HW2\MayaPluginHw2\MyPlugin.vcxproj" (rebuild target(s)).

Build succeeded.

Time Elapsed 00:00:04.34
