C:\Users\Alice\Documents\UPenn\CIS_660\HW3\HW3_basecode\bin\_LSystem.exp
C:\Users\Alice\Documents\UPenn\CIS_660\HW3\HW3_basecode\bin\_LSystem.lib
C:\USERS\ALICE\DOCUMENTS\UPENN\CIS_660\HW3\HW3_BASECODE\BIN\_LSYSTEM.PDB
C:\USERS\ALICE\DOCUMENTS\UPENN\CIS_660\HW3\HW3_BASECODE\BIN\_LSYSTEM.PYD
C:\USERS\ALICE\DOCUMENTS\UPENN\CIS_660\HW3\HW3_BASECODE\LSYSTEM_WRAP.CPP
C:\USERS\ALICE\DOCUMENTS\UPENN\CIS_660\HW3\HW3_BASECODE\X64\RELEASE\_LSYSTEM.PYD.EMBED.MANIFEST
C:\USERS\ALICE\DOCUMENTS\UPENN\CIS_660\HW3\HW3_BASECODE\X64\RELEASE\_LSYSTEM.PYD.EMBED.MANIFEST.RES
C:\USERS\ALICE\DOCUMENTS\UPENN\CIS_660\HW3\HW3_BASECODE\X64\RELEASE\_LSYSTEM.PYD.INTERMEDIATE.MANIFEST
C:\Users\Alice\Documents\UPenn\CIS_660\HW3\HW3_basecode\x64\Release\_LSystem_manifest.rc
C:\Users\Alice\Documents\UPenn\CIS_660\HW3\HW3_basecode\x64\Release\cl.command.1.tlog
C:\Users\Alice\Documents\UPenn\CIS_660\HW3\HW3_basecode\x64\Release\CL.read.1.tlog
C:\Users\Alice\Documents\UPenn\CIS_660\HW3\HW3_basecode\x64\Release\CL.write.1.tlog
C:\Users\Alice\Documents\UPenn\CIS_660\HW3\HW3_basecode\x64\Release\custombuild.command.1.tlog
C:\Users\Alice\Documents\UPenn\CIS_660\HW3\HW3_basecode\x64\Release\custombuild.read.1.tlog
C:\Users\Alice\Documents\UPenn\CIS_660\HW3\HW3_basecode\x64\Release\custombuild.write.1.tlog
C:\Users\Alice\Documents\UPenn\CIS_660\HW3\HW3_basecode\x64\Release\link.command.1.tlog
C:\Users\Alice\Documents\UPenn\CIS_660\HW3\HW3_basecode\x64\Release\link.read.1.tlog
C:\Users\Alice\Documents\UPenn\CIS_660\HW3\HW3_basecode\x64\Release\link.write.1.tlog
C:\Users\Alice\Documents\UPenn\CIS_660\HW3\HW3_basecode\x64\Release\link-cvtres.read.1.tlog
C:\Users\Alice\Documents\UPenn\CIS_660\HW3\HW3_basecode\x64\Release\link-cvtres.write.1.tlog
C:\USERS\ALICE\DOCUMENTS\UPENN\CIS_660\HW3\HW3_BASECODE\X64\RELEASE\LSYSTEM.OBJ
C:\Users\Alice\Documents\UPenn\CIS_660\HW3\HW3_basecode\x64\Release\LSystem.write.1.tlog
C:\USERS\ALICE\DOCUMENTS\UPENN\CIS_660\HW3\HW3_BASECODE\X64\RELEASE\LSYSTEM_WRAP.OBJ
C:\Users\Alice\Documents\UPenn\CIS_660\HW3\HW3_basecode\x64\Release\mt.command.1.tlog
C:\Users\Alice\Documents\UPenn\CIS_660\HW3\HW3_basecode\x64\Release\mt.read.1.tlog
C:\Users\Alice\Documents\UPenn\CIS_660\HW3\HW3_basecode\x64\Release\mt.write.1.tlog
C:\Users\Alice\Documents\UPenn\CIS_660\HW3\HW3_basecode\x64\Release\rc.command.1.tlog
C:\Users\Alice\Documents\UPenn\CIS_660\HW3\HW3_basecode\x64\Release\rc.read.1.tlog
C:\Users\Alice\Documents\UPenn\CIS_660\HW3\HW3_basecode\x64\Release\rc.write.1.tlog
C:\USERS\ALICE\DOCUMENTS\UPENN\CIS_660\HW3\HW3_BASECODE\X64\RELEASE\VC100.PDB
C:\USERS\ALICE\DOCUMENTS\UPENN\CIS_660\HW3\HW3_BASECODE\X64\RELEASE\VEC.OBJ
