.\bin\LSystemd.ilk
C:\Users\Alice\Documents\UPenn\CIS_660\HW2\MayaPluginHw2\.\bin\LSystemd.exe
C:\USERS\ALICE\DOCUMENTS\UPENN\CIS_660\HW2\MAYAPLUGINHW2\BIN\LSYSTEMD.EXE
C:\USERS\ALICE\DOCUMENTS\UPENN\CIS_660\HW2\MAYAPLUGINHW2\BIN\LSYSTEMD.ILK
C:\USERS\ALICE\DOCUMENTS\UPENN\CIS_660\HW2\MAYAPLUGINHW2\BIN\MYEXE.PDB
C:\Users\Alice\Documents\UPenn\CIS_660\HW2\MayaPluginHw2\Debug\cl.command.1.tlog
C:\Users\Alice\Documents\UPenn\CIS_660\HW2\MayaPluginHw2\Debug\CL.read.1.tlog
C:\Users\Alice\Documents\UPenn\CIS_660\HW2\MayaPluginHw2\Debug\CL.write.1.tlog
C:\Users\Alice\Documents\UPenn\CIS_660\HW2\MayaPluginHw2\Debug\link.17932.read.1.tlog
C:\Users\Alice\Documents\UPenn\CIS_660\HW2\MayaPluginHw2\Debug\link.17932.write.1.tlog
C:\Users\Alice\Documents\UPenn\CIS_660\HW2\MayaPluginHw2\Debug\link.17932-cvtres.read.1.tlog
C:\Users\Alice\Documents\UPenn\CIS_660\HW2\MayaPluginHw2\Debug\link.17932-cvtres.write.1.tlog
C:\Users\Alice\Documents\UPenn\CIS_660\HW2\MayaPluginHw2\Debug\link.command.1.tlog
C:\Users\Alice\Documents\UPenn\CIS_660\HW2\MayaPluginHw2\Debug\link.read.1.tlog
C:\Users\Alice\Documents\UPenn\CIS_660\HW2\MayaPluginHw2\Debug\link.write.1.tlog
C:\Users\Alice\Documents\UPenn\CIS_660\HW2\MayaPluginHw2\Debug\link-cvtres.read.1.tlog
C:\Users\Alice\Documents\UPenn\CIS_660\HW2\MayaPluginHw2\Debug\link-cvtres.write.1.tlog
C:\USERS\ALICE\DOCUMENTS\UPENN\CIS_660\HW2\MAYAPLUGINHW2\DEBUG\LSYSTEM.OBJ
C:\USERS\ALICE\DOCUMENTS\UPENN\CIS_660\HW2\MAYAPLUGINHW2\DEBUG\LSYSTEMD.EXE.EMBED.MANIFEST
C:\USERS\ALICE\DOCUMENTS\UPENN\CIS_660\HW2\MAYAPLUGINHW2\DEBUG\LSYSTEMD.EXE.EMBED.MANIFEST.RES
C:\USERS\ALICE\DOCUMENTS\UPENN\CIS_660\HW2\MAYAPLUGINHW2\DEBUG\LSYSTEMD.EXE.INTERMEDIATE.MANIFEST
C:\Users\Alice\Documents\UPenn\CIS_660\HW2\MayaPluginHw2\Debug\LSystemd_manifest.rc
C:\USERS\ALICE\DOCUMENTS\UPENN\CIS_660\HW2\MAYAPLUGINHW2\DEBUG\MAIN.OBJ
C:\Users\Alice\Documents\UPenn\CIS_660\HW2\MayaPluginHw2\Debug\mt.command.1.tlog
C:\Users\Alice\Documents\UPenn\CIS_660\HW2\MayaPluginHw2\Debug\mt.read.1.tlog
C:\Users\Alice\Documents\UPenn\CIS_660\HW2\MayaPluginHw2\Debug\mt.write.1.tlog
C:\Users\Alice\Documents\UPenn\CIS_660\HW2\MayaPluginHw2\Debug\rc.command.1.tlog
C:\Users\Alice\Documents\UPenn\CIS_660\HW2\MayaPluginHw2\Debug\rc.read.1.tlog
C:\Users\Alice\Documents\UPenn\CIS_660\HW2\MayaPluginHw2\Debug\rc.write.1.tlog
C:\USERS\ALICE\DOCUMENTS\UPENN\CIS_660\HW2\MAYAPLUGINHW2\DEBUG\VEC.OBJ
